{"action":"document_upload","allowed":true,"level":"info","message":"Access control check","resource":"fateccccc","service":"pga-dashboard","timestamp":"2025-11-20T04:43:53.442Z","userId":"68abc0caaf6ec95694bf650e"}
{"fileName":"PGA 2025_Fatec Votorantim (2).pdf","fileSize":1165862,"institution":"Fateccccc","level":"info","message":"File uploaded","service":"pga-dashboard","timestamp":"2025-11-20 04:43:53","userId":"68abc0caaf6ec95694bf650e","year":"2025"}
{"error":"2025-11-20 04:43:53,508 - INFO - Iniciando o pipeline... Executando: /opt/venv/bin/python3 /app/scripts/process_pdf.py /app/uploads/1763613833448_PGA 2025_Fatec Votorantim (2).pdf Fateccccc 2025\n","level":"error","message":"Python process error","service":"pga-dashboard","timestamp":"2025-11-20 04:43:53"}
{"error":"2025-11-20 04:43:53,751 - INFO - Iniciando a extração de dados do PDF...\n2025-11-20 04:43:53,751 - INFO - Iniciando a extração do arquivo: /app/uploads/1763613833448_PGA 2025_Fatec Votorantim (2).pdf\n2025-11-20 04:43:53,797 - INFO - PDF aberto com sucesso. Total de páginas: 41\n2025-11-20 04:43:53,797 - INFO - Processando página 1 de 41...\n","level":"error","message":"Python process error","service":"pga-dashboard","timestamp":"2025-11-20 04:43:53"}
{"error":"2025-11-20 04:43:54,100 - INFO - Texto extraído da página 1: PLANO DE GESTÃO ANUAL\nPGA 2025\nV04\nEstruturado em uma única etapa, contendo 2 anexos:\nPLANEJAMENTO P...\n","level":"error","message":"Python process error","service":"pga-dashboard","timestamp":"2025-11-20 04:43:54"}
{"error":"2025-11-20 04:43:54,155 - INFO - Tabelas extraídas da página 1: 3 tabelas encontradas.\n2025-11-20 04:43:54,155 - INFO - Processando página 2 de 41...\n","level":"error","message":"Python process error","service":"pga-dashboard","timestamp":"2025-11-20 04:43:54"}
{"error":"2025-11-20 04:43:54,370 - INFO - Texto extraído da página 2: Objetivos Institucionais – CPS (Plano de Metas)\n1) Atender às demandas sociais e do mercado de traba...\n2025-11-20 04:43:54,380 - INFO - Tabelas extraídas da página 2: 1 tabelas encontradas.\n2025-11-20 04:43:54,380 - INFO - Processando página 3 de 41...\n","level":"error","message":"Python process error","service":"pga-dashboard","timestamp":"2025-11-20 04:43:54"}
{"error":"2025-11-20 04:43:54,704 - INFO - Texto extraído da página 3: ESTRUTURAÇÃO DAS AÇÕES/PROJETOS\n01 - Didático-pedagógico\nAções associadas ao PPC/PE de CSTs e Discip...\n","level":"error","message":"Python process error","service":"pga-dashboard","timestamp":"2025-11-20 04:43:54"}
{"error":"2025-11-20 04:43:54,788 - INFO - Tabelas extraídas da página 3: 2 tabelas encontradas.\n2025-11-20 04:43:54,788 - INFO - Processando página 4 de 41...\n","level":"error","message":"Python process error","service":"pga-dashboard","timestamp":"2025-11-20 04:43:54"}
{"error":"2025-11-20 04:43:55,114 - INFO - Texto extraído da página 4: 103 - cat 1.06 - Ações pedagógicas: visitas técnicas, projetos integradores/interdisciplinares, dias...\n","level":"error","message":"Python process error","service":"pga-dashboard","timestamp":"2025-11-20 04:43:55"}
{"error":"2025-11-20 04:43:55,199 - INFO - Tabelas extraídas da página 4: 3 tabelas encontradas.\n2025-11-20 04:43:55,199 - INFO - Processando página 5 de 41...\n","level":"error","message":"Python process error","service":"pga-dashboard","timestamp":"2025-11-20 04:43:55"}
{"error":"2025-11-20 04:43:55,529 - INFO - Texto extraído da página 5: Período de execução: Data inicial: 03/02/2025 Data final: 19/12/2025\n01- Análise do PPC dos cursos e...\n","level":"error","message":"Python process error","service":"pga-dashboard","timestamp":"2025-11-20 04:43:55"}
{"error":"2025-11-20 04:43:55,612 - INFO - Tabelas extraídas da página 5: 3 tabelas encontradas.\n2025-11-20 04:43:55,612 - INFO - Processando página 6 de 41...\n","level":"error","message":"Python process error","service":"pga-dashboard","timestamp":"2025-11-20 04:43:55"}
{"error":"2025-11-20 04:43:55,956 - INFO - Texto extraído da página 6: Custo R$ (se houver): 25% da HA para cada monitor Fonte(s) dos recursos: CESU\nSituação problema: cat...\n","level":"error","message":"Python process error","service":"pga-dashboard","timestamp":"2025-11-20 04:43:55"}
{"error":"2025-11-20 04:43:56,032 - INFO - Tabelas extraídas da página 6: 4 tabelas encontradas.\n2025-11-20 04:43:56,032 - INFO - Processando página 7 de 41...\n","level":"error","message":"Python process error","service":"pga-dashboard","timestamp":"2025-11-20 04:43:56"}
{"error":"2025-11-20 04:43:56,334 - INFO - Texto extraído da página 7: Promover capacitações para os docentes abordando metodologias de ensino, atualizações\nO que será fei...\n","level":"error","message":"Python process error","service":"pga-dashboard","timestamp":"2025-11-20 04:43:56"}
{"error":"2025-11-20 04:43:56,415 - INFO - Tabelas extraídas da página 7: 3 tabelas encontradas.\n2025-11-20 04:43:56,415 - INFO - Processando página 8 de 41...\n","level":"error","message":"Python process error","service":"pga-dashboard","timestamp":"2025-11-20 04:43:56"}
{"error":"2025-11-20 04:43:56,495 - INFO - Texto extraído da página 8: 01- Manter as estratégias de divulgação de todas as etapas do cronograma 02/01 19/12\nEtapas do proce...\n","level":"error","message":"Python process error","service":"pga-dashboard","timestamp":"2025-11-20 04:43:56"}
{"error":"2025-11-20 04:43:56,505 - INFO - Tabelas extraídas da página 8: 1 tabelas encontradas.\n","level":"error","message":"Python process error","service":"pga-dashboard","timestamp":"2025-11-20 04:43:56"}
{"error":"2025-11-20 04:43:56,505 - INFO - Processando página 9 de 41...\n","level":"error","message":"Python process error","service":"pga-dashboard","timestamp":"2025-11-20 04:43:56"}
{"error":"2025-11-20 04:43:56,822 - INFO - Texto extraído da página 9: 02 – Laboratórios - Ensino e Equipamentos Associados\nAções para melhoramento dos laboratórios de Ens...\n","level":"error","message":"Python process error","service":"pga-dashboard","timestamp":"2025-11-20 04:43:56"}
{"error":"2025-11-20 04:43:56,883 - INFO - Tabelas extraídas da página 9: 2 tabelas encontradas.\n2025-11-20 04:43:56,883 - INFO - Processando página 10 de 41...\n","level":"error","message":"Python process error","service":"pga-dashboard","timestamp":"2025-11-20 04:43:56"}
{"error":"2025-11-20 04:43:57,152 - INFO - Texto extraído da página 10: 03 – Pesquisa / Extensão e Equipamentos Associados\nAções para melhoramento dos laboratórios que cont...\n","level":"error","message":"Python process error","service":"pga-dashboard","timestamp":"2025-11-20 04:43:57"}
{"error":"2025-11-20 04:43:57,267 - INFO - Tabelas extraídas da página 10: 2 tabelas encontradas.\n2025-11-20 04:43:57,267 - INFO - Processando página 11 de 41...\n","level":"error","message":"Python process error","service":"pga-dashboard","timestamp":"2025-11-20 04:43:57"}
{"error":"2025-11-20 04:43:57,604 - INFO - Texto extraído da página 11: AÇÃO/PROJETO (Tema) 303 - cat 3.02 - Desenvolvimento de Projetos de IC - MDITI\nOrigem (prioridade): ...\n","level":"error","message":"Python process error","service":"pga-dashboard","timestamp":"2025-11-20 04:43:57"}
{"error":"2025-11-20 04:43:57,688 - INFO - Tabelas extraídas da página 11: 3 tabelas encontradas.\n2025-11-20 04:43:57,688 - INFO - Processando página 12 de 41...\n","level":"error","message":"Python process error","service":"pga-dashboard","timestamp":"2025-11-20 04:43:57"}
{"error":"2025-11-20 04:43:58,003 - INFO - Texto extraído da página 12: 07- nn dd/mm dd/mm\n08- nn dd/mm dd/mm\nCusto R$ (se houver): Não haverá custos Fonte(s) dos recursos:...\n","level":"error","message":"Python process error","service":"pga-dashboard","timestamp":"2025-11-20 04:43:58"}
{"error":"2025-11-20 04:43:58,149 - INFO - Tabelas extraídas da página 12: 4 tabelas encontradas.\n2025-11-20 04:43:58,149 - INFO - Processando página 13 de 41...\n","level":"error","message":"Python process error","service":"pga-dashboard","timestamp":"2025-11-20 04:43:58"}
{"error":"2025-11-20 04:43:58,247 - INFO - Texto extraído da página 13: Colaborador(a): <nome> nn Qde CH/sem: nn Tipo: Escolher um item.\nColaborador(a): <nome> nn Qde CH/se...\n","level":"error","message":"Python process error","service":"pga-dashboard","timestamp":"2025-11-20 04:43:58"}
{"error":"2025-11-20 04:43:58,261 - INFO - Tabelas extraídas da página 13: 1 tabelas encontradas.\n2025-11-20 04:43:58,261 - INFO - Processando página 14 de 41...\n","level":"error","message":"Python process error","service":"pga-dashboard","timestamp":"2025-11-20 04:43:58"}
{"error":"2025-11-20 04:43:58,528 - INFO - Texto extraído da página 14: 04 – Atividades Formativas em Projetos (nível tático)\nProjetos institucionais formativos não especif...\n","level":"error","message":"Python process error","service":"pga-dashboard","timestamp":"2025-11-20 04:43:58"}
{"error":"2025-11-20 04:43:58,585 - INFO - Tabelas extraídas da página 14: 2 tabelas encontradas.\n2025-11-20 04:43:58,585 - INFO - Processando página 15 de 41...\n","level":"error","message":"Python process error","service":"pga-dashboard","timestamp":"2025-11-20 04:43:58"}
{"error":"2025-11-20 04:43:58,868 - INFO - Texto extraído da página 15: 05 – Infraestrutura (instalações prediais)\nProjetos de manutenção e melhoramento predial voltados à ...\n","level":"error","message":"Python process error","service":"pga-dashboard","timestamp":"2025-11-20 04:43:58"}
{"error":"2025-11-20 04:43:58,932 - INFO - Tabelas extraídas da página 15: 2 tabelas encontradas.\n2025-11-20 04:43:58,932 - INFO - Processando página 16 de 41...\n","level":"error","message":"Python process error","service":"pga-dashboard","timestamp":"2025-11-20 04:43:58"}
{"error":"2025-11-20 04:43:59,152 - INFO - Texto extraído da página 16: AÇÃO/PROJETO (Tema) 503 - cat 5.04 - Implantação de áreas comuns\nOrigem (prioridade): 6-Outra\nO que ...\n","level":"error","message":"Python process error","service":"pga-dashboard","timestamp":"2025-11-20 04:43:59"}
{"error":"2025-11-20 04:43:59,177 - INFO - Tabelas extraídas da página 16: 1 tabelas encontradas.\n","level":"error","message":"Python process error","service":"pga-dashboard","timestamp":"2025-11-20 04:43:59"}
{"error":"2025-11-20 04:43:59,178 - INFO - Processando página 17 de 41...\n","level":"error","message":"Python process error","service":"pga-dashboard","timestamp":"2025-11-20 04:43:59"}
{"error":"2025-11-20 04:43:59,473 - INFO - Texto extraído da página 17: 06 - Desenvolvimento de pessoas (docentes e servidores)\nFormação continuada de docentes e servidores...\n","level":"error","message":"Python process error","service":"pga-dashboard","timestamp":"2025-11-20 04:43:59"}
{"error":"2025-11-20 04:43:59,536 - INFO - Tabelas extraídas da página 17: 2 tabelas encontradas.\n","level":"error","message":"Python process error","service":"pga-dashboard","timestamp":"2025-11-20 04:43:59"}
{"error":"2025-11-20 04:43:59,536 - INFO - Processando página 18 de 41...\n","level":"error","message":"Python process error","service":"pga-dashboard","timestamp":"2025-11-20 04:43:59"}
{"error":"2025-11-20 04:43:59,540 - INFO - Texto extraído da página 18: X\nX\n<Copiar tabelas para mais ações>...\n","level":"error","message":"Python process error","service":"pga-dashboard","timestamp":"2025-11-20 04:43:59"}
{"error":"2025-11-20 04:43:59,540 - INFO - Tabelas extraídas da página 18: 0 tabelas encontradas.\n2025-11-20 04:43:59,540 - INFO - Processando página 19 de 41...\n","level":"error","message":"Python process error","service":"pga-dashboard","timestamp":"2025-11-20 04:43:59"}
{"error":"2025-11-20 04:43:59,706 - INFO - Texto extraído da página 19: 07 – Convênios e Parcerias Institucionais\nFormalização do relacionamento da Unidade com o Ecossistem...\n","level":"error","message":"Python process error","service":"pga-dashboard","timestamp":"2025-11-20 04:43:59"}
{"error":"2025-11-20 04:43:59,737 - INFO - Tabelas extraídas da página 19: 1 tabelas encontradas.\n","level":"error","message":"Python process error","service":"pga-dashboard","timestamp":"2025-11-20 04:43:59"}
{"error":"2025-11-20 04:43:59,737 - INFO - Processando página 20 de 41...\n","level":"error","message":"Python process error","service":"pga-dashboard","timestamp":"2025-11-20 04:43:59"}
{"error":"2025-11-20 04:43:59,927 - INFO - Texto extraído da página 20: Anexo 1 – Lista de aquisições necessárias aos projetos\n(equipamentos, softwares, mobiliários)\nItem P...\n","level":"error","message":"Python process error","service":"pga-dashboard","timestamp":"2025-11-20 04:43:59"}
{"error":"2025-11-20 04:43:59,949 - INFO - Tabelas extraídas da página 20: 1 tabelas encontradas.\n2025-11-20 04:43:59,950 - INFO - Processando página 21 de 41...\n","level":"error","message":"Python process error","service":"pga-dashboard","timestamp":"2025-11-20 04:43:59"}
{"error":"2025-11-20 04:44:00,084 - INFO - Texto extraído da página 21: frequência mínima de 3200 MHz. Conector: O padrão do conector deve\nser SODIMM ou superior para garan...\n","level":"error","message":"Python process error","service":"pga-dashboard","timestamp":"2025-11-20 04:44:00"}
{"error":"2025-11-20 04:44:00,195 - INFO - Tabelas extraídas da página 21: 1 tabelas encontradas.\n2025-11-20 04:44:00,195 - INFO - Processando página 22 de 41...\n","level":"error","message":"Python process error","service":"pga-dashboard","timestamp":"2025-11-20 04:44:00"}
{"error":"2025-11-20 04:44:00,401 - INFO - Texto extraído da página 22: AC (Dual Band). INTERFACE BLUETOOTH: Deverá possuir interface para\ncomunicação wireless padrão Bluet...\n","level":"error","message":"Python process error","service":"pga-dashboard","timestamp":"2025-11-20 04:44:00"}
{"error":"2025-11-20 04:44:00,429 - INFO - Tabelas extraídas da página 22: 1 tabelas encontradas.\n2025-11-20 04:44:00,429 - INFO - Processando página 23 de 41...\n","level":"error","message":"Python process error","service":"pga-dashboard","timestamp":"2025-11-20 04:44:00"}
{"error":"2025-11-20 04:44:00,693 - INFO - Texto extraído da página 23: podem ser usadas como pwm), portas analógicas: 6; corrente pinos I/o:\n40ma, corrente pinos 3,3v: 50m...\n","level":"error","message":"Python process error","service":"pga-dashboard","timestamp":"2025-11-20 04:44:00"}
{"error":"2025-11-20 04:44:00,729 - INFO - Tabelas extraídas da página 23: 1 tabelas encontradas.\n","level":"error","message":"Python process error","service":"pga-dashboard","timestamp":"2025-11-20 04:44:00"}
{"error":"2025-11-20 04:44:00,730 - INFO - Processando página 24 de 41...\n","level":"error","message":"Python process error","service":"pga-dashboard","timestamp":"2025-11-20 04:44:00"}
{"error":"2025-11-20 04:44:00,973 - INFO - Texto extraído da página 24: 1,8kg/cm (4.8v); velocidade: 0,1 S/60graus; alcance 180 graus, peso 9g;\ndimensões 32 x 30 x 12 mm.\n3...\n","level":"error","message":"Python process error","service":"pga-dashboard","timestamp":"2025-11-20 04:44:00"}
{"error":"2025-11-20 04:44:01,002 - INFO - Tabelas extraídas da página 24: 1 tabelas encontradas.\n","level":"error","message":"Python process error","service":"pga-dashboard","timestamp":"2025-11-20 04:44:01"}
{"error":"2025-11-20 04:44:01,002 - INFO - Processando página 25 de 41...\n","level":"error","message":"Python process error","service":"pga-dashboard","timestamp":"2025-11-20 04:44:01"}
{"error":"2025-11-20 04:44:01,213 - INFO - Texto extraído da página 25: 46 202- 501- Alicate de corte pequeno- Alicate P/uso Geral,cortador Manual,corte 2 R$ 33,98\n502 de F...\n","level":"error","message":"Python process error","service":"pga-dashboard","timestamp":"2025-11-20 04:44:01"}
{"error":"2025-11-20 04:44:01,237 - INFO - Tabelas extraídas da página 25: 1 tabelas encontradas.\n2025-11-20 04:44:01,237 - INFO - Processando página 26 de 41...\n","level":"error","message":"Python process error","service":"pga-dashboard","timestamp":"2025-11-20 04:44:01"}
{"error":"2025-11-20 04:44:01,560 - INFO - Texto extraído da página 26: 54 202- 501- Multimetro Digital, de Bancada, 750vac, Alimentacao 110/220v 3 R$ 2.318,97\n502 Especifi...\n","level":"error","message":"Python process error","service":"pga-dashboard","timestamp":"2025-11-20 04:44:01"}
{"error":"2025-11-20 04:44:01,586 - INFO - Tabelas extraídas da página 26: 1 tabelas encontradas.\n2025-11-20 04:44:01,586 - INFO - Processando página 27 de 41...\n","level":"error","message":"Python process error","service":"pga-dashboard","timestamp":"2025-11-20 04:44:01"}
{"error":"2025-11-20 04:44:01,823 - INFO - Texto extraído da página 27: menos 10000 MB/s) para processamento de dados em tempo real e\ndesempenho otimizado. (2) M.2 PCIe 4.0...\n","level":"error","message":"Python process error","service":"pga-dashboard","timestamp":"2025-11-20 04:44:01"}
{"error":"2025-11-20 04:44:01,848 - INFO - Tabelas extraídas da página 27: 1 tabelas encontradas.\n2025-11-20 04:44:01,848 - INFO - Processando página 28 de 41...\n","level":"error","message":"Python process error","service":"pga-dashboard","timestamp":"2025-11-20 04:44:01"}
{"error":"2025-11-20 04:44:02,138 - INFO - Texto extraído da página 28: Graus Acima Da Ambiente Ate 200 Graus Celsius; Controle de\nTemperatura Digital Microprocessado Com A...\n","level":"error","message":"Python process error","service":"pga-dashboard","timestamp":"2025-11-20 04:44:02"}
{"error":"2025-11-20 04:44:02,171 - INFO - Tabelas extraídas da página 28: 1 tabelas encontradas.\n","level":"error","message":"Python process error","service":"pga-dashboard","timestamp":"2025-11-20 04:44:02"}
{"error":"2025-11-20 04:44:02,171 - INFO - Processando página 29 de 41...\n","level":"error","message":"Python process error","service":"pga-dashboard","timestamp":"2025-11-20 04:44:02"}
{"error":"2025-11-20 04:44:02,478 - INFO - Texto extraído da página 29: Determinacao do Limite de Liquidez Dos Solos; Com Um Cinzel Chato e\nUm Cinzel Curvo, Almagamador Deb...\n","level":"error","message":"Python process error","service":"pga-dashboard","timestamp":"2025-11-20 04:44:02"}
{"error":"2025-11-20 04:44:02,505 - INFO - Tabelas extraídas da página 29: 1 tabelas encontradas.\n2025-11-20 04:44:02,505 - INFO - Processando página 30 de 41...\n","level":"error","message":"Python process error","service":"pga-dashboard","timestamp":"2025-11-20 04:44:02"}
{"error":"2025-11-20 04:44:02,785 - INFO - Texto extraído da página 30: 0,001 Metro; Leitura Em Metros e Centimetros; Com Bateria de Ion de\nLitio Integrada 3,7 v / 1250 Mah...\n","level":"error","message":"Python process error","service":"pga-dashboard","timestamp":"2025-11-20 04:44:02"}
{"error":"2025-11-20 04:44:02,955 - INFO - Tabelas extraídas da página 30: 1 tabelas encontradas.\n2025-11-20 04:44:02,955 - INFO - Processando página 31 de 41...\n","level":"error","message":"Python process error","service":"pga-dashboard","timestamp":"2025-11-20 04:44:02"}
{"error":"2025-11-20 04:44:03,234 - INFO - Texto extraído da página 31: 2 Colunas e 1 Suporte Horizontal; Inclui: Manual Tecnico; Garantia Minima\nde 12 Meses. Assistencia T...\n","level":"error","message":"Python process error","service":"pga-dashboard","timestamp":"2025-11-20 04:44:03"}
{"error":"2025-11-20 04:44:03,256 - INFO - Tabelas extraídas da página 31: 1 tabelas encontradas.\n2025-11-20 04:44:03,256 - INFO - Processando página 32 de 41...\n","level":"error","message":"Python process error","service":"pga-dashboard","timestamp":"2025-11-20 04:44:03"}
{"error":"2025-11-20 04:44:03,546 - INFO - Texto extraído da página 32: P/ Ensai de Compressao; Software P/ Controle de Diferentes Tipos de\nEnsaios e P/ Diferentes Materiai...\n","level":"error","message":"Python process error","service":"pga-dashboard","timestamp":"2025-11-20 04:44:03"}
{"error":"2025-11-20 04:44:03,573 - INFO - Tabelas extraídas da página 32: 1 tabelas encontradas.\n2025-11-20 04:44:03,573 - INFO - Processando página 33 de 41...\n","level":"error","message":"Python process error","service":"pga-dashboard","timestamp":"2025-11-20 04:44:03"}
{"error":"2025-11-20 04:44:03,853 - INFO - Texto extraído da página 33: e tampa em papel ondulado kraft, 01 base metalica, 01 painel com 2\nroldanas fixadas, 01 porta dinamo...\n","level":"error","message":"Python process error","service":"pga-dashboard","timestamp":"2025-11-20 04:44:03"}
{"error":"2025-11-20 04:44:03,879 - INFO - Tabelas extraídas da página 33: 1 tabelas encontradas.\n","level":"error","message":"Python process error","service":"pga-dashboard","timestamp":"2025-11-20 04:44:03"}
{"error":"2025-11-20 04:44:03,879 - INFO - Processando página 34 de 41...\n","level":"error","message":"Python process error","service":"pga-dashboard","timestamp":"2025-11-20 04:44:03"}
{"error":"2025-11-20 04:44:04,179 - INFO - Texto extraído da página 34: Luz Led Branca e Todas As Luzes Visiveis; Alimentado Por Bateria de 9\nVolts; Com Estojo para Transpo...\n","level":"error","message":"Python process error","service":"pga-dashboard","timestamp":"2025-11-20 04:44:04"}
{"error":"2025-11-20 04:44:04,208 - INFO - Tabelas extraídas da página 34: 1 tabelas encontradas.\n2025-11-20 04:44:04,209 - INFO - Processando página 35 de 41...\n","level":"error","message":"Python process error","service":"pga-dashboard","timestamp":"2025-11-20 04:44:04"}
{"error":"2025-11-20 04:44:04,482 - INFO - Texto extraído da página 35: Aco Inox 430; Com 3 Prateleiras Em Aco Inox 430 Vazado; Porta Frontal,\nde Chapa de Aco Inox 430, Tra...\n","level":"error","message":"Python process error","service":"pga-dashboard","timestamp":"2025-11-20 04:44:04"}
{"error":"2025-11-20 04:44:04,507 - INFO - Tabelas extraídas da página 35: 1 tabelas encontradas.\n2025-11-20 04:44:04,507 - INFO - Processando página 36 de 41...\n","level":"error","message":"Python process error","service":"pga-dashboard","timestamp":"2025-11-20 04:44:04"}
{"error":"2025-11-20 04:44:04,939 - INFO - Texto extraído da página 36: 142 202- 501- Bequer de Vidro de 250ml, Com Bico, Graduado e Forma Baixa; Bequer de 5 R$ 77,85\n502 V...\n","level":"error","message":"Python process error","service":"pga-dashboard","timestamp":"2025-11-20 04:44:04"}
{"error":"2025-11-20 04:44:04,958 - INFO - Tabelas extraídas da página 36: 1 tabelas encontradas.\n2025-11-20 04:44:04,958 - INFO - Processando página 37 de 41...\n","level":"error","message":"Python process error","service":"pga-dashboard","timestamp":"2025-11-20 04:44:04"}
{"error":"2025-11-20 04:44:05,250 - INFO - Texto extraído da página 37: Permitida de ±0,50 Ml; Distancia Limite do Final Da Graduacao Ate o Topo\ndo Cilindro Entre 30,0 a 60...\n","level":"error","message":"Python process error","service":"pga-dashboard","timestamp":"2025-11-20 04:44:05"}
{"error":"2025-11-20 04:44:05,271 - INFO - Tabelas extraídas da página 37: 1 tabelas encontradas.\n2025-11-20 04:44:05,271 - INFO - Processando página 38 de 41...\n","level":"error","message":"Python process error","service":"pga-dashboard","timestamp":"2025-11-20 04:44:05"}
{"error":"2025-11-20 04:44:05,549 - INFO - Texto extraído da página 38: 151 202- 501- Conjunto de Slump teste completo, Slump test (Forma Tronco Conica / 5 R$ 3.027,25\n502 ...\n","level":"error","message":"Python process error","service":"pga-dashboard","timestamp":"2025-11-20 04:44:05"}
{"error":"2025-11-20 04:44:05,577 - INFO - Tabelas extraídas da página 38: 1 tabelas encontradas.\n2025-11-20 04:44:05,577 - INFO - Processando página 39 de 41...\n","level":"error","message":"Python process error","service":"pga-dashboard","timestamp":"2025-11-20 04:44:05"}
{"error":"2025-11-20 04:44:05,861 - INFO - Texto extraído da página 39: Dimensoes: 4 Baterias de 1.5v E/ou Cabo de Alimentacao; Inclui: Garantia.\nAssistencia Tecnica No Bra...\n","level":"error","message":"Python process error","service":"pga-dashboard","timestamp":"2025-11-20 04:44:05"}
{"error":"2025-11-20 04:44:05,885 - INFO - Tabelas extraídas da página 39: 1 tabelas encontradas.\n2025-11-20 04:44:05,885 - INFO - Processando página 40 de 41...\n","level":"error","message":"Python process error","service":"pga-dashboard","timestamp":"2025-11-20 04:44:05"}
{"error":"2025-11-20 04:44:06,112 - INFO - Texto extraído da página 40: Especif.: Linhas Longas a Cada Dez Linhas; Inscricoes Uma Linha Média a\nMeia Distância Entre Duas Li...\n","level":"error","message":"Python process error","service":"pga-dashboard","timestamp":"2025-11-20 04:44:06"}
{"error":"2025-11-20 04:44:06,134 - INFO - Tabelas extraídas da página 40: 1 tabelas encontradas.\n2025-11-20 04:44:06,134 - INFO - Processando página 41 de 41...\n","level":"error","message":"Python process error","service":"pga-dashboard","timestamp":"2025-11-20 04:44:06"}
{"error":"2025-11-20 04:44:06,275 - INFO - Texto extraído da página 41: Anexo 2 – Lista de Ações/Projetos referentes à CPA\nItem Projeto Denominação Prazo\n(XYY) (O que será ...\n","level":"error","message":"Python process error","service":"pga-dashboard","timestamp":"2025-11-20 04:44:06"}
{"error":"2025-11-20 04:44:06,303 - INFO - Tabelas extraídas da página 41: 1 tabelas encontradas.\n","level":"error","message":"Python process error","service":"pga-dashboard","timestamp":"2025-11-20 04:44:06"}
{"error":"2025-11-20 04:44:06,304 - INFO - Extração finalizada.\n","level":"error","message":"Python process error","service":"pga-dashboard","timestamp":"2025-11-20 04:44:06"}
{"error":"2025-11-20 04:44:06,304 - INFO - Extração de dados do PDF concluída.\n2025-11-20 04:44:06,304 - INFO - Iniciando a normalização dos dados...\n2025-11-20 04:44:06,304 - INFO - Iniciando normalização...\n2025-11-20 04:44:06,305 - INFO - Instituição detectada no texto do PDF: Fatec Votorantim\n2025-11-20 04:44:06,305 - WARNING - Conflito de instituição: Usuário forneceu 'Fateccccc', mas o texto do PDF parece ser da 'Fatec Votorantim'. Priorizando o nome fornecido pelo usuário, conforme solicitado.\n","level":"error","message":"Python process error","service":"pga-dashboard","timestamp":"2025-11-20 04:44:06"}
{"error":"2025-11-20 04:44:06,309 - INFO - Normalização concluída para 'Fateccccc'. 30 projetos e 7 aquisições encontradas.\n2025-11-20 04:44:06,309 - INFO - Normalização dos dados concluída.\n","level":"error","message":"Python process error","service":"pga-dashboard","timestamp":"2025-11-20 04:44:06"}
{"error":"2025-11-20 04:44:06,309 - INFO - Executando /app/scripts/send_to_mongo.py para enviar os dados...\n","level":"error","message":"Python process error","service":"pga-dashboard","timestamp":"2025-11-20 04:44:06"}
{"error":"2025-11-20 04:44:07,171 - INFO - Saída do send_to_mongo.py:\n2025-11-20 04:44:07,171 - INFO - \n","level":"error","message":"Python process error","service":"pga-dashboard","timestamp":"2025-11-20 04:44:07"}
{"error":"2025-11-20 04:44:07,171 - ERROR - Erro do send_to_mongo.py:\n2025-11-20 04:44:07,171 - ERROR - 2025-11-20 04:44:06,622 - INFO - Lendo dados JSON da entrada padrão (stdin)...\n2025-11-20 04:44:06,631 - INFO - Lendo o arquivo PDF de: /app/uploads/1763613833448_PGA 2025_Fatec Votorantim (2).pdf\n2025-11-20 04:44:06,639 - INFO - Arquivo PDF codificado e adicionado ao documento.\n2025-11-20 04:44:06,639 - INFO - Conectando ao MongoDB...\n2025-11-20 04:44:06,644 - INFO - Inserindo dados no banco 'db_pga', collection 'projetos'...\n2025-11-20 04:44:06,674 - INFO - Dados inseridos com sucesso! ID do documento: 691e9c96e8a3710bd5a1de55\n2025-11-20 04:44:06,674 - INFO - Conexão com o MongoDB fechada.\n\n2025-11-20 04:44:07,171 - INFO - Processo concluído com sucesso.\n","level":"error","message":"Python process error","service":"pga-dashboard","timestamp":"2025-11-20 04:44:07"}
{"error":"2025-11-20 04:44:07,624 - INFO - Pipeline executado com sucesso!\n","level":"error","message":"Python process error","service":"pga-dashboard","timestamp":"2025-11-20 04:44:07"}
{"duration":14202,"endTime":"2025-11-20T04:44:07.633Z","error":"Processo falhou com código 0","fileSize":1165862,"filename":"PGA 2025_Fatec Votorantim (2).pdf","institution":"Fateccccc","level":"info","message":"Document processing metrics","service":"pga-dashboard","startTime":"2025-11-20T04:43:53.431Z","success":false,"timestamp":"2025-11-20T04:44:07.633Z","userId":"68abc0caaf6ec95694bf650e"}
{"attempt":1,"delay":1000,"error":"Processo falhou com código 0","level":"warn","maxRetries":3,"message":"Retry attempt","service":"pga-dashboard","timestamp":"2025-11-20 04:44:07"}
{"action":"document_upload","allowed":true,"level":"info","message":"Access control check","resource":"sadasdsa","service":"pga-dashboard","timestamp":"2025-11-20T04:44:18.415Z","userId":"68abc0caaf6ec95694bf650e"}
{"fileName":"PGA 2025_Fatec Sorocaba (3).pdf","fileSize":1150381,"institution":"sadasdsa","level":"info","message":"File uploaded","service":"pga-dashboard","timestamp":"2025-11-20 04:44:18","userId":"68abc0caaf6ec95694bf650e","year":"2025"}
{"error":"2025-11-20 04:44:18,472 - INFO - Iniciando o pipeline... Executando: /opt/venv/bin/python3 /app/scripts/process_pdf.py /app/uploads/1763613858418_PGA 2025_Fatec Sorocaba (3).pdf sadasdsa 2025\n2025-11-20 04:44:18,591 - INFO - Iniciando a extração de dados do PDF...\n2025-11-20 04:44:18,591 - INFO - Iniciando a extração do arquivo: /app/uploads/1763613858418_PGA 2025_Fatec Sorocaba (3).pdf\n2025-11-20 04:44:18,634 - INFO - PDF aberto com sucesso. Total de páginas: 39\n2025-11-20 04:44:18,634 - INFO - Processando página 1 de 39...\n","level":"error","message":"Python process error","service":"pga-dashboard","timestamp":"2025-11-20 04:44:18"}
{"error":"2025-11-20 04:44:18,834 - INFO - Texto extraído da página 1: PLANO DE GESTÃO ANUAL\nPGA 2025\nV04\nEstruturado em uma única etapa, contendo 2 anexos:\nPLANEJAMENTO P...\n","level":"error","message":"Python process error","service":"pga-dashboard","timestamp":"2025-11-20 04:44:18"}
{"error":"2025-11-20 04:44:18,869 - INFO - Tabelas extraídas da página 1: 3 tabelas encontradas.\n2025-11-20 04:44:18,869 - INFO - Processando página 2 de 39...\n","level":"error","message":"Python process error","service":"pga-dashboard","timestamp":"2025-11-20 04:44:18"}
{"error":"2025-11-20 04:44:19,009 - INFO - Texto extraído da página 2: O maior potencial de consumo está na capital paulista, primeira no ranking estadual e nacional. Mora...\n2025-11-20 04:44:19,010 - INFO - Tabelas extraídas da página 2: 0 tabelas encontradas.\n2025-11-20 04:44:19,010 - INFO - Processando página 3 de 39...\n","level":"error","message":"Python process error","service":"pga-dashboard","timestamp":"2025-11-20 04:44:19"}
{"error":"2025-11-20 04:44:19,235 - INFO - Texto extraído da página 3: Nesse contexto, atualmente são oferecidos gratuitamente 13 Cursos Superiores de Tecnologia, sendo 10...\n","level":"error","message":"Python process error","service":"pga-dashboard","timestamp":"2025-11-20 04:44:19"}
{"error":"2025-11-20 04:44:19,262 - INFO - Tabelas extraídas da página 3: 2 tabelas encontradas.\n2025-11-20 04:44:19,262 - INFO - Processando página 4 de 39...\n","level":"error","message":"Python process error","service":"pga-dashboard","timestamp":"2025-11-20 04:44:19"}
{"error":"2025-11-20 04:44:19,330 - INFO - Texto extraído da página 4: D. Expandir e ampliar a capacidade de articulação com Governos e Setores Produtivos.\nE. Promover a c...\n","level":"error","message":"Python process error","service":"pga-dashboard","timestamp":"2025-11-20 04:44:19"}
{"error":"2025-11-20 04:44:19,330 - INFO - Tabelas extraídas da página 4: 0 tabelas encontradas.\n2025-11-20 04:44:19,330 - INFO - Processando página 5 de 39...\n","level":"error","message":"Python process error","service":"pga-dashboard","timestamp":"2025-11-20 04:44:19"}
{"error":"2025-11-20 04:44:19,577 - INFO - Texto extraído da página 5: ESTRUTURAÇÃO DAS AÇÕES/PROJETOS\n01 - Didático-pedagógico\nAções associadas ao PPC/PE de CSTs e Discip...\n","level":"error","message":"Python process error","service":"pga-dashboard","timestamp":"2025-11-20 04:44:19"}
{"error":"2025-11-20 04:44:19,639 - INFO - Tabelas extraídas da página 5: 3 tabelas encontradas.\n2025-11-20 04:44:19,640 - INFO - Processando página 6 de 39...\n","level":"error","message":"Python process error","service":"pga-dashboard","timestamp":"2025-11-20 04:44:19"}
{"error":"2025-11-20 04:44:19,871 - INFO - Texto extraído da página 6: AÇÃO/PROJETO (Tema) 103 - cat 1.14 - Curso de Extensão\nOrigem (prioridade): 6-Outra\nO que será feito...\n","level":"error","message":"Python process error","service":"pga-dashboard","timestamp":"2025-11-20 04:44:19"}
{"error":"2025-11-20 04:44:19,939 - INFO - Tabelas extraídas da página 6: 2 tabelas encontradas.\n2025-11-20 04:44:19,939 - INFO - Processando página 7 de 39...\n","level":"error","message":"Python process error","service":"pga-dashboard","timestamp":"2025-11-20 04:44:19"}
{"error":"2025-11-20 04:44:20,212 - INFO - Texto extraído da página 7: 01 – Didático-Pedagógico: Copiar projetos de 2024\nAÇÃO/PROJETO (Tema) 10x - cat 1.01 - Adequação/ree...\n","level":"error","message":"Python process error","service":"pga-dashboard","timestamp":"2025-11-20 04:44:20"}
{"error":"2025-11-20 04:44:20,292 - INFO - Tabelas extraídas da página 7: 3 tabelas encontradas.\n2025-11-20 04:44:20,292 - INFO - Processando página 8 de 39...\n","level":"error","message":"Python process error","service":"pga-dashboard","timestamp":"2025-11-20 04:44:20"}
{"error":"2025-11-20 04:44:20,460 - INFO - Texto extraído da página 8: 04- nn dd/mm dd/mm\n05- nn dd/mm dd/mm\n06- nn dd/mm dd/mm\n07- nn dd/mm dd/mm\n08- nn dd/mm dd/mm\nCusto...\n","level":"error","message":"Python process error","service":"pga-dashboard","timestamp":"2025-11-20 04:44:20"}
{"error":"2025-11-20 04:44:20,496 - INFO - Tabelas extraídas da página 8: 2 tabelas encontradas.\n2025-11-20 04:44:20,496 - INFO - Processando página 9 de 39...\n","level":"error","message":"Python process error","service":"pga-dashboard","timestamp":"2025-11-20 04:44:20"}
{"error":"2025-11-20 04:44:20,720 - INFO - Texto extraído da página 9: 02 – Laboratórios - Ensino e Equipamentos Associados\nAções para melhoramento dos laboratórios de Ens...\n","level":"error","message":"Python process error","service":"pga-dashboard","timestamp":"2025-11-20 04:44:20"}
{"error":"2025-11-20 04:44:20,793 - INFO - Tabelas extraídas da página 9: 3 tabelas encontradas.\n2025-11-20 04:44:20,793 - INFO - Processando página 10 de 39...\n","level":"error","message":"Python process error","service":"pga-dashboard","timestamp":"2025-11-20 04:44:20"}
{"error":"2025-11-20 04:44:21,013 - INFO - Texto extraído da página 10: AÇÃO/PROJETO (Tema) 203 - cat 2.02 - Laboratório informática - implantação/melhoramento com recursos...\n","level":"error","message":"Python process error","service":"pga-dashboard","timestamp":"2025-11-20 04:44:21"}
{"error":"2025-11-20 04:44:21,058 - INFO - Tabelas extraídas da página 10: 2 tabelas encontradas.\n2025-11-20 04:44:21,058 - INFO - Processando página 11 de 39...\n","level":"error","message":"Python process error","service":"pga-dashboard","timestamp":"2025-11-20 04:44:21"}
{"error":"2025-11-20 04:44:21,284 - INFO - Texto extraído da página 11: 02 – Laboratórios: Copiar projetos de 2024\nAÇÃO/PROJETO (Tema) 20x - cat 2.01 - Laboratório físico -...\n","level":"error","message":"Python process error","service":"pga-dashboard","timestamp":"2025-11-20 04:44:21"}
{"error":"2025-11-20 04:44:21,357 - INFO - Tabelas extraídas da página 11: 3 tabelas encontradas.\n2025-11-20 04:44:21,357 - INFO - Processando página 12 de 39...\n","level":"error","message":"Python process error","service":"pga-dashboard","timestamp":"2025-11-20 04:44:21"}
{"error":"2025-11-20 04:44:21,496 - INFO - Texto extraído da página 12: <nome> Fernando Miranda Qde CH/sem: 02 Tipo: HAE - Hora Atividade\nResponsável:\nEspecífica\n<nome> Ant...\n","level":"error","message":"Python process error","service":"pga-dashboard","timestamp":"2025-11-20 04:44:21"}
{"error":"2025-11-20 04:44:21,512 - INFO - Tabelas extraídas da página 12: 2 tabelas encontradas.\n2025-11-20 04:44:21,513 - INFO - Processando página 13 de 39...\n","level":"error","message":"Python process error","service":"pga-dashboard","timestamp":"2025-11-20 04:44:21"}
{"error":"2025-11-20 04:44:21,750 - INFO - Texto extraído da página 13: 03 – Pesquisa / Extensão e Equipamentos Associados\nAções para melhoramento dos laboratórios que cont...\n","level":"error","message":"Python process error","service":"pga-dashboard","timestamp":"2025-11-20 04:44:21"}
{"error":"2025-11-20 04:44:21,819 - INFO - Tabelas extraídas da página 13: 3 tabelas encontradas.\n2025-11-20 04:44:21,820 - INFO - Processando página 14 de 39...\n","level":"error","message":"Python process error","service":"pga-dashboard","timestamp":"2025-11-20 04:44:21"}
{"error":"2025-11-20 04:44:21,822 - INFO - Texto extraído da página 14: X\nX...\n","level":"error","message":"Python process error","service":"pga-dashboard","timestamp":"2025-11-20 04:44:21"}
{"error":"2025-11-20 04:44:21,822 - INFO - Tabelas extraídas da página 14: 0 tabelas encontradas.\n2025-11-20 04:44:21,823 - INFO - Processando página 15 de 39...\n","level":"error","message":"Python process error","service":"pga-dashboard","timestamp":"2025-11-20 04:44:21"}
{"error":"2025-11-20 04:44:22,011 - INFO - Texto extraído da página 15: AÇÃO/PROJETO (Tema) 303 - cat 3.02 - Desenvolvimento de Projetos de IC - MDITI\nOrigem (prioridade): ...\n","level":"error","message":"Python process error","service":"pga-dashboard","timestamp":"2025-11-20 04:44:22"}
{"error":"2025-11-20 04:44:22,124 - INFO - Tabelas extraídas da página 15: 2 tabelas encontradas.\n2025-11-20 04:44:22,124 - INFO - Processando página 16 de 39...\n","level":"error","message":"Python process error","service":"pga-dashboard","timestamp":"2025-11-20 04:44:22"}
{"error":"2025-11-20 04:44:22,338 - INFO - Texto extraído da página 16: 03 – Pesquisa/Extensão: Copiar projetos de 2024\nAÇÃO/PROJETO (Tema) 30x - cat 3.01 - Cursos de Exten...\n","level":"error","message":"Python process error","service":"pga-dashboard","timestamp":"2025-11-20 04:44:22"}
{"error":"2025-11-20 04:44:22,404 - INFO - Tabelas extraídas da página 16: 2 tabelas encontradas.\n2025-11-20 04:44:22,404 - INFO - Processando página 17 de 39...\n","level":"error","message":"Python process error","service":"pga-dashboard","timestamp":"2025-11-20 04:44:22"}
{"error":"2025-11-20 04:44:22,524 - INFO - Texto extraído da página 17: AÇÃO/PROJETO (Tema) 30w - cat 3.02 - Desenvolvimento de Projetos de IC - MDITI\nOrigem (prioridade): ...\n","level":"error","message":"Python process error","service":"pga-dashboard","timestamp":"2025-11-20 04:44:22"}
{"error":"2025-11-20 04:44:22,551 - INFO - Tabelas extraídas da página 17: 2 tabelas encontradas.\n2025-11-20 04:44:22,551 - INFO - Processando página 18 de 39...\n","level":"error","message":"Python process error","service":"pga-dashboard","timestamp":"2025-11-20 04:44:22"}
{"error":"2025-11-20 04:44:22,742 - INFO - Texto extraído da página 18: 04 – Atividades Formativas em Projetos (nível tático)\nProjetos institucionais formativos não especif...\n","level":"error","message":"Python process error","service":"pga-dashboard","timestamp":"2025-11-20 04:44:22"}
{"error":"2025-11-20 04:44:22,793 - INFO - Tabelas extraídas da página 18: 3 tabelas encontradas.\n2025-11-20 04:44:22,794 - INFO - Processando página 19 de 39...\n","level":"error","message":"Python process error","service":"pga-dashboard","timestamp":"2025-11-20 04:44:22"}
{"error":"2025-11-20 04:44:23,044 - INFO - Texto extraído da página 19: AÇÃO/PROJETO (Tema) 403 - Escolher um item.\nOrigem (prioridade): Escolher um item.\nO que será feito:...\n","level":"error","message":"Python process error","service":"pga-dashboard","timestamp":"2025-11-20 04:44:23"}
{"error":"2025-11-20 04:44:23,087 - INFO - Tabelas extraídas da página 19: 2 tabelas encontradas.\n","level":"error","message":"Python process error","service":"pga-dashboard","timestamp":"2025-11-20 04:44:23"}
{"error":"2025-11-20 04:44:23,087 - INFO - Processando página 20 de 39...\n","level":"error","message":"Python process error","service":"pga-dashboard","timestamp":"2025-11-20 04:44:23"}
{"error":"2025-11-20 04:44:23,226 - INFO - Texto extraído da página 20: 04 – Atividades Formativas em Projetos: Copiar projetos de 2024\nAÇÃO/PROJETO (Tema) 40x - cat 4.03 -...\n","level":"error","message":"Python process error","service":"pga-dashboard","timestamp":"2025-11-20 04:44:23"}
{"error":"2025-11-20 04:44:23,256 - INFO - Tabelas extraídas da página 20: 4 tabelas encontradas.\n2025-11-20 04:44:23,256 - INFO - Processando página 21 de 39...\n","level":"error","message":"Python process error","service":"pga-dashboard","timestamp":"2025-11-20 04:44:23"}
{"error":"2025-11-20 04:44:23,471 - INFO - Texto extraído da página 21: 05 – Infraestrutura (instalações prediais)\nProjetos de manutenção e melhoramento predial voltados à ...\n","level":"error","message":"Python process error","service":"pga-dashboard","timestamp":"2025-11-20 04:44:23"}
{"error":"2025-11-20 04:44:23,534 - INFO - Tabelas extraídas da página 21: 3 tabelas encontradas.\n2025-11-20 04:44:23,535 - INFO - Processando página 22 de 39...\n","level":"error","message":"Python process error","service":"pga-dashboard","timestamp":"2025-11-20 04:44:23"}
{"error":"2025-11-20 04:44:23,807 - INFO - Texto extraído da página 22: AÇÃO/PROJETO (Tema) 503 - cat 5.05 - Reforma de Edificações\nOrigem (prioridade): 2-Gestão Estratégic...\n","level":"error","message":"Python process error","service":"pga-dashboard","timestamp":"2025-11-20 04:44:23"}
{"error":"2025-11-20 04:44:23,893 - INFO - Tabelas extraídas da página 22: 3 tabelas encontradas.\n2025-11-20 04:44:23,893 - INFO - Processando página 23 de 39...\n","level":"error","message":"Python process error","service":"pga-dashboard","timestamp":"2025-11-20 04:44:23"}
{"error":"2025-11-20 04:44:24,253 - INFO - Texto extraído da página 23: 03- Fiscalização da execução do projeto 01/01 30/12\n04- nn dd/mm dd/mm\n05- nn dd/mm dd/mm\n06- nn dd/...\n","level":"error","message":"Python process error","service":"pga-dashboard","timestamp":"2025-11-20 04:44:24"}
{"error":"2025-11-20 04:44:24,328 - INFO - Tabelas extraídas da página 23: 3 tabelas encontradas.\n2025-11-20 04:44:24,328 - INFO - Processando página 24 de 39...\n","level":"error","message":"Python process error","service":"pga-dashboard","timestamp":"2025-11-20 04:44:24"}
{"error":"2025-11-20 04:44:24,431 - INFO - Texto extraído da página 24: (a ser resolvida/mitigada) cat 0.1.03 - Infraestrutura predial (espaços, sistemas)\nX\nAÇÃO/PROJETO (T...\n","level":"error","message":"Python process error","service":"pga-dashboard","timestamp":"2025-11-20 04:44:24"}
{"error":"2025-11-20 04:44:24,452 - INFO - Tabelas extraídas da página 24: 2 tabelas encontradas.\n2025-11-20 04:44:24,452 - INFO - Processando página 25 de 39...\n","level":"error","message":"Python process error","service":"pga-dashboard","timestamp":"2025-11-20 04:44:24"}
{"error":"2025-11-20 04:44:24,708 - INFO - Texto extraído da página 25: 05 – Infraestrutura: Copiar projetos de 2024\nAÇÃO/PROJETO (Tema) 50x - cat 5.09 - Obtenção/renovação...\n","level":"error","message":"Python process error","service":"pga-dashboard","timestamp":"2025-11-20 04:44:24"}
{"error":"2025-11-20 04:44:24,785 - INFO - Tabelas extraídas da página 25: 3 tabelas encontradas.\n2025-11-20 04:44:24,786 - INFO - Processando página 26 de 39...\n","level":"error","message":"Python process error","service":"pga-dashboard","timestamp":"2025-11-20 04:44:24"}
{"error":"2025-11-20 04:44:24,912 - INFO - Texto extraído da página 26: 06- nn dd/mm dd/mm\n07- nn dd/mm dd/mm\n08- nn dd/mm dd/mm\nCusto R$ (se houver): indeterminado Fonte(s...\n","level":"error","message":"Python process error","service":"pga-dashboard","timestamp":"2025-11-20 04:44:24"}
{"error":"2025-11-20 04:44:24,940 - INFO - Tabelas extraídas da página 26: 2 tabelas encontradas.\n","level":"error","message":"Python process error","service":"pga-dashboard","timestamp":"2025-11-20 04:44:24"}
{"error":"2025-11-20 04:44:24,940 - INFO - Processando página 27 de 39...\n","level":"error","message":"Python process error","service":"pga-dashboard","timestamp":"2025-11-20 04:44:24"}
{"error":"2025-11-20 04:44:25,289 - INFO - Texto extraído da página 27: 06 - Desenvolvimento de pessoas (docentes e servidores)\nFormação continuada de docentes e servidores...\n","level":"error","message":"Python process error","service":"pga-dashboard","timestamp":"2025-11-20 04:44:25"}
{"error":"2025-11-20 04:44:25,361 - INFO - Tabelas extraídas da página 27: 3 tabelas encontradas.\n2025-11-20 04:44:25,361 - INFO - Processando página 28 de 39...\n","level":"error","message":"Python process error","service":"pga-dashboard","timestamp":"2025-11-20 04:44:25"}
{"error":"2025-11-20 04:44:25,534 - INFO - Texto extraído da página 28: AÇÃO/PROJETO (Tema) 603 - Escolher um item.\nOrigem (prioridade): Escolher um item.\nO que será feito:...\n","level":"error","message":"Python process error","service":"pga-dashboard","timestamp":"2025-11-20 04:44:25"}
{"error":"2025-11-20 04:44:25,574 - INFO - Tabelas extraídas da página 28: 2 tabelas encontradas.\n2025-11-20 04:44:25,574 - INFO - Processando página 29 de 39...\n","level":"error","message":"Python process error","service":"pga-dashboard","timestamp":"2025-11-20 04:44:25"}
{"error":"2025-11-20 04:44:25,706 - INFO - Texto extraído da página 29: 06 – Desenvolvimento de Pessoas: Copiar projetos de 2024\nAÇÃO/PROJETO (Tema) 60x - cat 6.01 - Curso/...\n","level":"error","message":"Python process error","service":"pga-dashboard","timestamp":"2025-11-20 04:44:25"}
{"error":"2025-11-20 04:44:25,732 - INFO - Tabelas extraídas da página 29: 4 tabelas encontradas.\n2025-11-20 04:44:25,732 - INFO - Processando página 30 de 39...\n","level":"error","message":"Python process error","service":"pga-dashboard","timestamp":"2025-11-20 04:44:25"}
{"error":"2025-11-20 04:44:25,949 - INFO - Texto extraído da página 30: 07 – Convênios e Parcerias Institucionais\nFormalização do relacionamento da Unidade com o Ecossistem...\n","level":"error","message":"Python process error","service":"pga-dashboard","timestamp":"2025-11-20 04:44:25"}
{"error":"2025-11-20 04:44:26,029 - INFO - Tabelas extraídas da página 30: 3 tabelas encontradas.\n2025-11-20 04:44:26,029 - INFO - Processando página 31 de 39...\n","level":"error","message":"Python process error","service":"pga-dashboard","timestamp":"2025-11-20 04:44:26"}
{"error":"2025-11-20 04:44:26,174 - INFO - Texto extraído da página 31: 07- nn dd/mm dd/mm\n08- nn dd/mm dd/mm\nIndefinido Fatec Sorocaba, CPS – setor de\nCusto R$ (se houver)...\n","level":"error","message":"Python process error","service":"pga-dashboard","timestamp":"2025-11-20 04:44:26"}
{"error":"2025-11-20 04:44:26,216 - INFO - Tabelas extraídas da página 31: 2 tabelas encontradas.\n2025-11-20 04:44:26,216 - INFO - Processando página 32 de 39...\n","level":"error","message":"Python process error","service":"pga-dashboard","timestamp":"2025-11-20 04:44:26"}
{"error":"2025-11-20 04:44:26,468 - INFO - Texto extraído da página 32: 07 – Convênios e Parcerias: Copiar projetos de 2024\nAÇÃO/PROJETO (Tema) 70x - cat 7.03 - Projetos co...\n","level":"error","message":"Python process error","service":"pga-dashboard","timestamp":"2025-11-20 04:44:26"}
{"error":"2025-11-20 04:44:26,698 - INFO - Tabelas extraídas da página 32: 3 tabelas encontradas.\n2025-11-20 04:44:26,699 - INFO - Processando página 33 de 39...\n","level":"error","message":"Python process error","service":"pga-dashboard","timestamp":"2025-11-20 04:44:26"}
{"error":"2025-11-20 04:44:26,801 - INFO - Texto extraído da página 33: As Fatecs de Eletrônica Automotiva estarão envolvidas no desenvolvimento de conhecimentos que tragam...\n","level":"error","message":"Python process error","service":"pga-dashboard","timestamp":"2025-11-20 04:44:26"}
{"error":"2025-11-20 04:44:26,830 - INFO - Tabelas extraídas da página 33: 1 tabelas encontradas.\n2025-11-20 04:44:26,830 - INFO - Processando página 34 de 39...\n","level":"error","message":"Python process error","service":"pga-dashboard","timestamp":"2025-11-20 04:44:26"}
{"error":"2025-11-20 04:44:27,067 - INFO - Texto extraído da página 34: Anexo 1 – Lista de aquisições necessárias aos projetos\n(equipamentos, softwares, mobiliários)\nItem P...\n","level":"error","message":"Python process error","service":"pga-dashboard","timestamp":"2025-11-20 04:44:27"}
{"error":"2025-11-20 04:44:27,140 - INFO - Tabelas extraídas da página 34: 3 tabelas encontradas.\n2025-11-20 04:44:27,140 - INFO - Processando página 35 de 39...\n","level":"error","message":"Python process error","service":"pga-dashboard","timestamp":"2025-11-20 04:44:27"}
{"error":"2025-11-20 04:44:27,377 - INFO - Texto extraído da página 35: 201 Paquímetro; em aço inoxidável temperado de alta resistência; tipo\nmecânico; modelo universal; co...\n","level":"error","message":"Python process error","service":"pga-dashboard","timestamp":"2025-11-20 04:44:27"}
{"error":"2025-11-20 04:44:27,445 - INFO - Tabelas extraídas da página 35: 1 tabelas encontradas.\n2025-11-20 04:44:27,445 - INFO - Processando página 36 de 39...\n","level":"error","message":"Python process error","service":"pga-dashboard","timestamp":"2025-11-20 04:44:27"}
{"error":"2025-11-20 04:44:27,725 - INFO - Texto extraído da página 36: 201 Conjunto didatico para ensaios com CLP - Controlador Lógico\n100 Programável e IHM – Interface Ho...\n","level":"error","message":"Python process error","service":"pga-dashboard","timestamp":"2025-11-20 04:44:27"}
{"error":"2025-11-20 04:44:27,814 - INFO - Tabelas extraídas da página 36: 1 tabelas encontradas.\n2025-11-20 04:44:27,814 - INFO - Processando página 37 de 39...\n","level":"error","message":"Python process error","service":"pga-dashboard","timestamp":"2025-11-20 04:44:27"}
{"error":"2025-11-20 04:44:28,075 - INFO - Texto extraído da página 37: 201 Morsa; fixa; em aço forjado; com mordentes temperados com\naproximadamente 155 m e abertura de 17...\n","level":"error","message":"Python process error","service":"pga-dashboard","timestamp":"2025-11-20 04:44:28"}
{"error":"2025-11-20 04:44:28,165 - INFO - Tabelas extraídas da página 37: 1 tabelas encontradas.\n2025-11-20 04:44:28,165 - INFO - Processando página 38 de 39...\n","level":"error","message":"Python process error","service":"pga-dashboard","timestamp":"2025-11-20 04:44:28"}
{"error":"2025-11-20 04:44:28,490 - INFO - Texto extraído da página 38: 209 201 Calibrador automotivo 1\n210 201 Equipamento para medição de vazão de cilindro de motores 1\n2...\n","level":"error","message":"Python process error","service":"pga-dashboard","timestamp":"2025-11-20 04:44:28"}
{"error":"2025-11-20 04:44:28,527 - INFO - Tabelas extraídas da página 38: 1 tabelas encontradas.\n2025-11-20 04:44:28,527 - INFO - Processando página 39 de 39...\n","level":"error","message":"Python process error","service":"pga-dashboard","timestamp":"2025-11-20 04:44:28"}
{"error":"2025-11-20 04:44:28,604 - INFO - Texto extraído da página 39: Anexo 2 – Lista de Ações/Projetos referentes à CPA\nItem Projeto Denominação Prazo\n(XYY) (O que será ...\n","level":"error","message":"Python process error","service":"pga-dashboard","timestamp":"2025-11-20 04:44:28"}
{"error":"2025-11-20 04:44:28,619 - INFO - Tabelas extraídas da página 39: 1 tabelas encontradas.\n","level":"error","message":"Python process error","service":"pga-dashboard","timestamp":"2025-11-20 04:44:28"}
{"error":"2025-11-20 04:44:28,620 - INFO - Extração finalizada.\n","level":"error","message":"Python process error","service":"pga-dashboard","timestamp":"2025-11-20 04:44:28"}
{"error":"2025-11-20 04:44:28,620 - INFO - Extração de dados do PDF concluída.\n2025-11-20 04:44:28,620 - INFO - Iniciando a normalização dos dados...\n2025-11-20 04:44:28,620 - INFO - Iniciando normalização...\n2025-11-20 04:44:28,620 - INFO - Instituição detectada no texto do PDF: Fatec Sorocaba\n2025-11-20 04:44:28,620 - WARNING - Conflito de instituição: Usuário forneceu 'sadasdsa', mas o texto do PDF parece ser da 'Fatec Sorocaba'. Priorizando o nome fornecido pelo usuário, conforme solicitado.\n2025-11-20 04:44:28,620 - WARNING - Tabela 'IDENTIFICAÇÃO DA UNIDADE' não encontrada. Criando identificação com base nos dados disponíveis.\n","level":"error","message":"Python process error","service":"pga-dashboard","timestamp":"2025-11-20 04:44:28"}
{"error":"2025-11-20 04:44:28,624 - INFO - Normalização concluída para 'sadasdsa'. 58 projetos e 55 aquisições encontradas.\n","level":"error","message":"Python process error","service":"pga-dashboard","timestamp":"2025-11-20 04:44:28"}
{"error":"2025-11-20 04:44:28,625 - INFO - Normalização dos dados concluída.\n2025-11-20 04:44:28,625 - INFO - Executando /app/scripts/send_to_mongo.py para enviar os dados...\n","level":"error","message":"Python process error","service":"pga-dashboard","timestamp":"2025-11-20 04:44:28"}
{"error":"2025-11-20 04:44:29,312 - INFO - Saída do send_to_mongo.py:\n","level":"error","message":"Python process error","service":"pga-dashboard","timestamp":"2025-11-20 04:44:29"}
{"error":"2025-11-20 04:44:29,312 - INFO - \n2025-11-20 04:44:29,312 - ERROR - Erro do send_to_mongo.py:\n2025-11-20 04:44:29,312 - ERROR - 2025-11-20 04:44:28,776 - INFO - Lendo dados JSON da entrada padrão (stdin)...\n2025-11-20 04:44:28,778 - INFO - Lendo o arquivo PDF de: /app/uploads/1763613858418_PGA 2025_Fatec Sorocaba (3).pdf\n2025-11-20 04:44:28,781 - INFO - Arquivo PDF codificado e adicionado ao documento.\n2025-11-20 04:44:28,781 - INFO - Conectando ao MongoDB...\n2025-11-20 04:44:28,783 - INFO - Inserindo dados no banco 'db_pga', collection 'projetos'...\n2025-11-20 04:44:28,803 - INFO - Dados inseridos com sucesso! ID do documento: 691e9cac062778854beef09e\n2025-11-20 04:44:28,804 - INFO - Conexão com o MongoDB fechada.\n\n2025-11-20 04:44:29,312 - INFO - Processo concluído com sucesso.\n","level":"error","message":"Python process error","service":"pga-dashboard","timestamp":"2025-11-20 04:44:29"}
{"error":"2025-11-20 04:44:29,810 - INFO - Pipeline executado com sucesso!\n","level":"error","message":"Python process error","service":"pga-dashboard","timestamp":"2025-11-20 04:44:29"}
{"duration":11418,"endTime":"2025-11-20T04:44:29.819Z","error":"Processo falhou com código 0","fileSize":1150381,"filename":"PGA 2025_Fatec Sorocaba (3).pdf","institution":"sadasdsa","level":"info","message":"Document processing metrics","service":"pga-dashboard","startTime":"2025-11-20T04:44:18.401Z","success":false,"timestamp":"2025-11-20T04:44:29.819Z","userId":"68abc0caaf6ec95694bf650e"}
{"attempt":1,"delay":1000,"error":"Processo falhou com código 0","level":"warn","maxRetries":3,"message":"Retry attempt","service":"pga-dashboard","timestamp":"2025-11-20 04:44:29"}
{"action":"document_upload","allowed":true,"level":"info","message":"Access control check","resource":"dasd11","service":"pga-dashboard","timestamp":"2025-11-20T04:47:38.661Z","userId":"68abc0caaf6ec95694bf650e"}
{"fileName":"PGA 2025_Fatec Votorantim (2).pdf","fileSize":1165862,"institution":"dasd11","level":"info","message":"File uploaded","service":"pga-dashboard","timestamp":"2025-11-20 04:47:38","userId":"68abc0caaf6ec95694bf650e","year":"2025"}
{"error":"2025-11-20 04:47:52,110 - ERROR - Erro do send_to_mongo.py:\n2025-11-20 04:47:52,110 - ERROR - 2025-11-20 04:47:51,570 - INFO - Lendo dados JSON da entrada padrão (stdin)...\n2025-11-20 04:47:51,573 - INFO - Lendo o arquivo PDF de: /app/uploads/1763614058668_PGA 2025_Fatec Votorantim (2).pdf\n2025-11-20 04:47:51,576 - INFO - Arquivo PDF codificado e adicionado ao documento.\n2025-11-20 04:47:51,576 - INFO - Conectando ao MongoDB...\n2025-11-20 04:47:51,578 - INFO - Inserindo dados no banco 'db_pga', collection 'projetos'...\n2025-11-20 04:47:51,591 - INFO - Dados inseridos com sucesso! ID do documento: 691e9d7744edaff91cf8dd5a\n2025-11-20 04:47:51,592 - INFO - Conexão com o MongoDB fechada.\n\n2025-11-20 04:47:52,110 - INFO - Processo concluído com sucesso.\n","level":"error","message":"Python process error","service":"pga-dashboard","timestamp":"2025-11-20 04:47:52"}
{"duration":14053,"endTime":"2025-11-20T04:47:52.703Z","error":"Processo falhou com código 0","fileSize":1165862,"filename":"PGA 2025_Fatec Votorantim (2).pdf","institution":"dasd11","level":"info","message":"Document processing metrics","service":"pga-dashboard","startTime":"2025-11-20T04:47:38.650Z","success":false,"timestamp":"2025-11-20T04:47:52.703Z","userId":"68abc0caaf6ec95694bf650e"}
{"attempt":1,"delay":1000,"error":"Processo falhou com código 0","level":"warn","maxRetries":3,"message":"Retry attempt","service":"pga-dashboard","timestamp":"2025-11-20 04:47:52"}
{"action":"document_upload","allowed":true,"level":"info","message":"Access control check","resource":"dsfsd22222222","service":"pga-dashboard","timestamp":"2025-11-20T04:49:43.680Z","userId":"68abc0caaf6ec95694bf650e"}
{"fileName":"PGA 2025_Fatec Registro (2).pdf","fileSize":3099010,"institution":"dsfsd22222222","level":"info","message":"File uploaded","service":"pga-dashboard","timestamp":"2025-11-20 04:49:43","userId":"68abc0caaf6ec95694bf650e","year":"2025"}
{"duration":13173,"endTime":"2025-11-20T04:49:56.831Z","fileSize":3099010,"filename":"PGA 2025_Fatec Registro (2).pdf","institution":"dsfsd22222222","level":"info","message":"Document processing metrics","service":"pga-dashboard","startTime":"2025-11-20T04:49:43.658Z","success":true,"timestamp":"2025-11-20T04:49:56.831Z","userId":"68abc0caaf6ec95694bf650e"}
{"action":"document_upload","allowed":true,"level":"info","message":"Access control check","resource":"dasdsa","service":"pga-dashboard","timestamp":"2025-11-20T04:53:25.817Z","userId":"68abc0caaf6ec95694bf650e"}
{"fileName":"PGA 2025_Fatec Botucatu (2).pdf","fileSize":1159307,"institution":"dasdsa","level":"info","message":"File uploaded","service":"pga-dashboard","timestamp":"2025-11-20 04:53:25","userId":"68abc0caaf6ec95694bf650e","year":"2022"}
{"duration":15287,"endTime":"2025-11-20T04:53:41.089Z","fileSize":1159307,"filename":"PGA 2025_Fatec Botucatu (2).pdf","institution":"dasdsa","level":"info","message":"Document processing metrics","service":"pga-dashboard","startTime":"2025-11-20T04:53:25.802Z","success":true,"timestamp":"2025-11-20T04:53:41.089Z","userId":"68abc0caaf6ec95694bf650e"}
{"action":"document_upload","allowed":true,"level":"info","message":"Access control check","resource":"son-roque","service":"pga-dashboard","timestamp":"2025-11-20T14:27:50.904Z","userId":"68abc0caaf6ec95694bf650e"}
{"fileName":"PGA 2025_Fatec São Roque (2).pdf","fileSize":998400,"institution":"Son Roque","level":"info","message":"File uploaded","service":"pga-dashboard","timestamp":"2025-11-20 14:27:50","userId":"68abc0caaf6ec95694bf650e","year":"2025"}
{"duration":11255,"endTime":"2025-11-20T14:28:02.149Z","fileSize":998400,"filename":"PGA 2025_Fatec São Roque (2).pdf","institution":"Son Roque","level":"info","message":"Document processing metrics","service":"pga-dashboard","startTime":"2025-11-20T14:27:50.894Z","success":true,"timestamp":"2025-11-20T14:28:02.149Z","userId":"68abc0caaf6ec95694bf650e"}
{"action":"document_upload","allowed":true,"level":"info","message":"Access control check","resource":"que-dava-merda","service":"pga-dashboard","timestamp":"2025-11-20T14:29:01.266Z","userId":"68abc0caaf6ec95694bf650e"}
{"fileName":"PGA 2024 Fatec Votorantim Versão 12 - FINAL-CORRIGIDA.pdf","fileSize":954879,"institution":"que dava merda","level":"info","message":"File uploaded","service":"pga-dashboard","timestamp":"2025-11-20 14:29:01","userId":"68abc0caaf6ec95694bf650e","year":"2025"}
{"duration":11066,"endTime":"2025-11-20T14:29:12.325Z","fileSize":954879,"filename":"PGA 2024 Fatec Votorantim Versão 12 - FINAL-CORRIGIDA.pdf","institution":"que dava merda","level":"info","message":"Document processing metrics","service":"pga-dashboard","startTime":"2025-11-20T14:29:01.259Z","success":true,"timestamp":"2025-11-20T14:29:12.325Z","userId":"68abc0caaf6ec95694bf650e"}
